# JRE version: OpenJDK Runtime Environment Temurin-17+35 (17.0+35) (build 17+35)
# Java VM: OpenJDK 64-Bit Server VM Temurin-17+35 (17+35, mixed mode, emulated-client, tiered, compressed oops, compressed class ptrs, g1 gc, windows-amd64)
GC Precious Log:
 CPUs: 4 total, 4 available
 Memory: 7988M
 Large Page Support: Disabled
 NUMA Support: Disabled
 Compressed Oops: Enabled (32-bit)
 Heap Region Size: 1M
 Heap Min Capacity: 8M
 Heap Initial Capacity: 126M
 Heap Max Capacity: 1998M
 Pre-touch: Disabled
 Parallel Workers: 4
 Concurrent Workers: 1
 Concurrent Refinement Workers: 4
 Periodic GC: Disabled
Heap:
 garbage-first heap   total 68608K, used 44662K [0x0000000083200000, 0x0000000100000000)
  region size 1024K, 24 young (24576K), 3 survivors (3072K)
 Metaspace       used 65766K, committed 66304K, reserved 1114112K
  class space    used 8741K, committed 8960K, reserved 1048576K
GC Heap History (20 events):
Event: 403.211 GC heap before
{Heap before GC invocations=44 (full 6):
 garbage-first heap   total 68608K, used 52240K [0x0000000083200000, 0x0000000100000000)
  region size 1024K, 32 young (32768K), 3 survivors (3072K)
 Metaspace       used 65520K, committed 66304K, reserved 1114112K
  class space    used 8704K, committed 8960K, reserved 1048576K
}
Event: 403.216 GC heap after
{Heap after GC invocations=45 (full 6):
 garbage-first heap   total 68608K, used 23727K [0x0000000083200000, 0x0000000100000000)
  region size 1024K, 1 young (1024K), 1 survivors (1024K)
 Metaspace       used 65520K, committed 66304K, reserved 1114112K
  class space    used 8704K, committed 8960K, reserved 1048576K
}
Event: 403.910 GC heap before
{Heap before GC invocations=45 (full 6):
 garbage-first heap   total 68608K, used 52399K [0x0000000083200000, 0x0000000100000000)
  region size 1024K, 30 young (30720K), 1 survivors (1024K)
 Metaspace       used 65646K, committed 66304K, reserved 1114112K
  class space    used 8714K, committed 8960K, reserved 1048576K
}
Event: 403.917 GC heap after
{Heap after GC invocations=46 (full 6):
 garbage-first heap   total 197632K, used 24740K [0x0000000083200000, 0x0000000100000000)
  region size 1024K, 2 young (2048K), 2 survivors (2048K)
 Metaspace       used 65646K, committed 66304K, reserved 1114112K
  class space    used 8714K, committed 8960K, reserved 1048576K
}
Event: 710.449 GC heap before
{Heap before GC invocations=46 (full 6):
 garbage-first heap   total 197632K, used 55460K [0x0000000083200000, 0x0000000100000000)
  region size 1024K, 33 young (33792K), 2 survivors (2048K)
 Metaspace       used 65707K, committed 66304K, reserved 1114112K
  class space    used 8723K, committed 8960K, reserved 1048576K
}
Event: 710.519 GC heap after
{Heap after GC invocations=47 (full 7):
 garbage-first heap   total 78848K, used 21738K [0x0000000083200000, 0x0000000100000000)
  region size 1024K, 0 young (0K), 0 survivors (0K)
 Metaspace       used 65536K, committed 66240K, reserved 1114112K
  class space    used 8711K, committed 8960K, reserved 1048576K
}
Event: 711.589 GC heap before
{Heap before GC invocations=47 (full 7):
 garbage-first heap   total 78848K, used 61674K [0x0000000083200000, 0x0000000100000000)
  region size 1024K, 40 young (40960K), 0 survivors (0K)
 Metaspace       used 65568K, committed 66240K, reserved 1114112K
  class space    used 8716K, committed 8960K, reserved 1048576K
}
Event: 711.594 GC heap after
{Heap after GC invocations=48 (full 7):
 garbage-first heap   total 78848K, used 24043K [0x0000000083200000, 0x0000000100000000)
  region size 1024K, 3 young (3072K), 3 survivors (3072K)
 Metaspace       used 65568K, committed 66240K, reserved 1114112K
  class space    used 8716K, committed 8960K, reserved 1048576K
}
Event: 711.965 GC heap before
{Heap before GC invocations=48 (full 7):
 garbage-first heap   total 78848K, used 60907K [0x0000000083200000, 0x0000000100000000)
  region size 1024K, 40 young (40960K), 3 survivors (3072K)
 Metaspace       used 65671K, committed 66240K, reserved 1114112K
  class space    used 8725K, committed 8960K, reserved 1048576K
}
Event: 711.970 GC heap after
{Heap after GC invocations=49 (full 7):
 garbage-first heap   total 78848K, used 24810K [0x0000000083200000, 0x0000000100000000)
  region size 1024K, 3 young (3072K), 3 survivors (3072K)
 Metaspace       used 65671K, committed 66240K, reserved 1114112K
  class space    used 8725K, committed 8960K, reserved 1048576K
}
Event: 929.521 GC heap before
{Heap before GC invocations=49 (full 7):
 garbage-first heap   total 78848K, used 62698K [0x0000000083200000, 0x0000000100000000)
  region size 1024K, 40 young (40960K), 3 survivors (3072K)
 Metaspace       used 65728K, committed 66240K, reserved 1114112K
  class space    used 8729K, committed 8960K, reserved 1048576K
}
Event: 929.529 GC heap after
{Heap after GC invocations=50 (full 7):
 garbage-first heap   total 78848K, used 25918K [0x0000000083200000, 0x0000000100000000)
  region size 1024K, 3 young (3072K), 3 survivors (3072K)
 Metaspace       used 65728K, committed 66240K, reserved 1114112K
  class space    used 8729K, committed 8960K, reserved 1048576K
}
Event: 1045.237 GC heap before
{Heap before GC invocations=50 (full 7):
 garbage-first heap   total 78848K, used 28990K [0x0000000083200000, 0x0000000100000000)
  region size 1024K, 7 young (7168K), 3 survivors (3072K)
 Metaspace       used 65733K, committed 66240K, reserved 1114112K
  class space    used 8730K, committed 8960K, reserved 1048576K
}
Event: 1045.305 GC heap after
{Heap after GC invocations=51 (full 8):
 garbage-first heap   total 68608K, used 18836K [0x0000000083200000, 0x0000000100000000)
  region size 1024K, 0 young (0K), 0 survivors (0K)
 Metaspace       used 65488K, committed 66240K, reserved 1114112K
  class space    used 8704K, committed 8960K, reserved 1048576K
}
Event: 1046.129 GC heap before
{Heap before GC invocations=51 (full 8):
 garbage-first heap   total 68608K, used 53652K [0x0000000083200000, 0x0000000100000000)
  region size 1024K, 35 young (35840K), 0 survivors (0K)
 Metaspace       used 65575K, committed 66240K, reserved 1114112K
  class space    used 8722K, committed 8960K, reserved 1048576K
}
Event: 1046.136 GC heap after
{Heap after GC invocations=52 (full 8):
 garbage-first heap   total 68608K, used 22137K [0x0000000083200000, 0x0000000100000000)
  region size 1024K, 4 young (4096K), 4 survivors (4096K)
 Metaspace       used 65575K, committed 66240K, reserved 1114112K
  class space    used 8722K, committed 8960K, reserved 1048576K
}
Event: 1046.153 GC heap before
{Heap before GC invocations=52 (full 8):
 garbage-first heap   total 68608K, used 51833K [0x0000000083200000, 0x0000000100000000)
  region size 1024K, 34 young (34816K), 4 survivors (4096K)
 Metaspace       used 65575K, committed 66240K, reserved 1114112K
  class space    used 8722K, committed 8960K, reserved 1048576K
}
Event: 1046.158 GC heap after
{Heap after GC invocations=53 (full 8):
 garbage-first heap   total 68608K, used 22485K [0x0000000083200000, 0x0000000100000000)
  region size 1024K, 1 young (1024K), 1 survivors (1024K)
 Metaspace       used 65575K, committed 66240K, reserved 1114112K
  class space    used 8722K, committed 8960K, reserved 1048576K
}
Event: 1046.707 GC heap before
{Heap before GC invocations=53 (full 8):
 garbage-first heap   total 68608K, used 54229K [0x0000000083200000, 0x0000000100000000)
  region size 1024K, 32 young (32768K), 1 survivors (1024K)
 Metaspace       used 65724K, committed 66240K, reserved 1114112K
  class space    used 8733K, committed 8960K, reserved 1048576K
}
Event: 1046.713 GC heap after
{Heap after GC invocations=54 (full 8):
 garbage-first heap   total 68608K, used 24182K [0x0000000083200000, 0x0000000100000000)
  region size 1024K, 3 young (3072K), 3 survivors (3072K)
 Metaspace       used 65724K, committed 66240K, reserved 1114112K
  class space    used 8733K, committed 8960K, reserved 1048576K
}

